# JRE version: OpenJDK Runtime Environment (7.0_101) (build 1.7.0_101-b00)
# Java VM: OpenJDK 64-Bit Server VM (24.95-b01 mixed mode linux-amd64 compressed oops)
Heap
 PSYoungGen      total 906240K, used 453120K [0x00000007ad080000, 0x0000000800000000, 0x0000000800000000)
  eden space 453120K, 100% used [0x00000007ad080000,0x00000007c8b00000,0x00000007c8b00000)
  from space 453120K, 0% used [0x00000007e4580000,0x00000007e4580000,0x0000000800000000)
  to   space 453120K, 0% used [0x00000007c8b00000,0x00000007c8b00000,0x00000007e4580000)
 ParOldGen       total 2718208K, used 2718011K [0x0000000707200000, 0x00000007ad080000, 0x00000007ad080000)
  object space 2718208K, 99% used [0x0000000707200000,0x00000007ad04ecf0,0x00000007ad080000)
 PSPermGen       total 21504K, used 19046K [0x00000006fcc00000, 0x00000006fe100000, 0x0000000707200000)
  object space 21504K, 88% used [0x00000006fcc00000,0x00000006fde99a20,0x00000006fe100000)
GC Heap History (10 events):
Event: 154460,857 GC heap before
{Heap before GC invocations=656 (full 626):
 PSYoungGen      total 906240K, used 453120K [0x00000007ad080000, 0x0000000800000000, 0x0000000800000000)
  eden space 453120K, 100% used [0x00000007ad080000,0x00000007c8b00000,0x00000007c8b00000)
  from space 453120K, 0% used [0x00000007e4580000,0x00000007e4580000,0x0000000800000000)
  to   space 453120K, 0% used [0x00000007c8b00000,0x00000007c8b00000,0x00000007e4580000)
 ParOldGen       total 2718208K, used 2718008K [0x0000000707200000, 0x00000007ad080000, 0x00000007ad080000)
  object space 2718208K, 99% used [0x0000000707200000,0x00000007ad04e358,0x00000007ad080000)
 PSPermGen       total 21504K, used 19037K [0x00000006fcc00000, 0x00000006fe100000, 0x0000000707200000)
  object space 21504K, 88% used [0x00000006fcc00000,0x00000006fde97538,0x00000006fe100000)
Event: 154462,413 GC heap after
Heap after GC invocations=656 (full 626):
 PSYoungGen      total 906240K, used 453120K [0x00000007ad080000, 0x0000000800000000, 0x0000000800000000)
  eden space 453120K, 100% used [0x00000007ad080000,0x00000007c8b00000,0x00000007c8b00000)
  from space 453120K, 0% used [0x00000007e4580000,0x00000007e4580000,0x0000000800000000)
  to   space 453120K, 0% used [0x00000007c8b00000,0x00000007c8b00000,0x00000007e4580000)
 ParOldGen       total 2718208K, used 2718007K [0x0000000707200000, 0x00000007ad080000, 0x00000007ad080000)
  object space 2718208K, 99% used [0x0000000707200000,0x00000007ad04de08,0x00000007ad080000)
 PSPermGen       total 21504K, used 19037K [0x00000006fcc00000, 0x00000006fe100000, 0x0000000707200000)
  object space 21504K, 88% used [0x00000006fcc00000,0x00000006fde97538,0x00000006fe100000)
}
Event: 154462,413 GC heap before
{Heap before GC invocations=657 (full 627):
 PSYoungGen      total 906240K, used 453120K [0x00000007ad080000, 0x0000000800000000, 0x0000000800000000)
  eden space 453120K, 100% used [0x00000007ad080000,0x00000007c8b00000,0x00000007c8b00000)
  from space 453120K, 0% used [0x00000007e4580000,0x00000007e4580000,0x0000000800000000)
  to   space 453120K, 0% used [0x00000007c8b00000,0x00000007c8b00000,0x00000007e4580000)
 ParOldGen       total 2718208K, used 2718009K [0x0000000707200000, 0x00000007ad080000, 0x00000007ad080000)
  object space 2718208K, 99% used [0x0000000707200000,0x00000007ad04e680,0x00000007ad080000)
 PSPermGen       total 21504K, used 19037K [0x00000006fcc00000, 0x00000006fe100000, 0x0000000707200000)
  object space 21504K, 88% used [0x00000006fcc00000,0x00000006fde97538,0x00000006fe100000)
Event: 154464,055 GC heap after
Heap after GC invocations=657 (full 627):
 PSYoungGen      total 906240K, used 453120K [0x00000007ad080000, 0x0000000800000000, 0x0000000800000000)
  eden space 453120K, 100% used [0x00000007ad080000,0x00000007c8b00000,0x00000007c8b00000)
  from space 453120K, 0% used [0x00000007e4580000,0x00000007e4580000,0x0000000800000000)
  to   space 453120K, 0% used [0x00000007c8b00000,0x00000007c8b00000,0x00000007e4580000)
 ParOldGen       total 2718208K, used 2718008K [0x0000000707200000, 0x00000007ad080000, 0x00000007ad080000)
  object space 2718208K, 99% used [0x0000000707200000,0x00000007ad04e128,0x00000007ad080000)
 PSPermGen       total 21504K, used 19037K [0x00000006fcc00000, 0x00000006fe100000, 0x0000000707200000)
  object space 21504K, 88% used [0x00000006fcc00000,0x00000006fde97538,0x00000006fe100000)
}
Event: 154464,056 GC heap before
{Heap before GC invocations=658 (full 628):
 PSYoungGen      total 906240K, used 453120K [0x00000007ad080000, 0x0000000800000000, 0x0000000800000000)
  eden space 453120K, 100% used [0x00000007ad080000,0x00000007c8b00000,0x00000007c8b00000)
  from space 453120K, 0% used [0x00000007e4580000,0x00000007e4580000,0x0000000800000000)
  to   space 453120K, 0% used [0x00000007c8b00000,0x00000007c8b00000,0x00000007e4580000)
 ParOldGen       total 2718208K, used 2718010K [0x0000000707200000, 0x00000007ad080000, 0x00000007ad080000)
  object space 2718208K, 99% used [0x0000000707200000,0x00000007ad04e970,0x00000007ad080000)
 PSPermGen       total 21504K, used 19037K [0x00000006fcc00000, 0x00000006fe100000, 0x0000000707200000)
  object space 21504K, 88% used [0x00000006fcc00000,0x00000006fde97538,0x00000006fe100000)
Event: 154465,664 GC heap after
Heap after GC invocations=658 (full 628):
 PSYoungGen      total 906240K, used 453120K [0x00000007ad080000, 0x0000000800000000, 0x0000000800000000)
  eden space 453120K, 100% used [0x00000007ad080000,0x00000007c8b00000,0x00000007c8b00000)
  from space 453120K, 0% used [0x00000007e4580000,0x00000007e4580000,0x0000000800000000)
  to   space 453120K, 0% used [0x00000007c8b00000,0x00000007c8b00000,0x00000007e4580000)
 ParOldGen       total 2718208K, used 2718009K [0x0000000707200000, 0x00000007ad080000, 0x00000007ad080000)
  object space 2718208K, 99% used [0x0000000707200000,0x00000007ad04e418,0x00000007ad080000)
 PSPermGen       total 21504K, used 19037K [0x00000006fcc00000, 0x00000006fe100000, 0x0000000707200000)
  object space 21504K, 88% used [0x00000006fcc00000,0x00000006fde97538,0x00000006fe100000)
}
Event: 154465,665 GC heap before
{Heap before GC invocations=659 (full 629):
 PSYoungGen      total 906240K, used 453120K [0x00000007ad080000, 0x0000000800000000, 0x0000000800000000)
  eden space 453120K, 100% used [0x00000007ad080000,0x00000007c8b00000,0x00000007c8b00000)
  from space 453120K, 0% used [0x00000007e4580000,0x00000007e4580000,0x0000000800000000)
  to   space 453120K, 0% used [0x00000007c8b00000,0x00000007c8b00000,0x00000007e4580000)
 ParOldGen       total 2718208K, used 2718010K [0x0000000707200000, 0x00000007ad080000, 0x00000007ad080000)
  object space 2718208K, 99% used [0x0000000707200000,0x00000007ad04ebd8,0x00000007ad080000)
 PSPermGen       total 21504K, used 19037K [0x00000006fcc00000, 0x00000006fe100000, 0x0000000707200000)
  object space 21504K, 88% used [0x00000006fcc00000,0x00000006fde97538,0x00000006fe100000)
Event: 154467,274 GC heap after
Heap after GC invocations=659 (full 629):
 PSYoungGen      total 906240K, used 453120K [0x00000007ad080000, 0x0000000800000000, 0x0000000800000000)
  eden space 453120K, 100% used [0x00000007ad080000,0x00000007c8b00000,0x00000007c8b00000)
  from space 453120K, 0% used [0x00000007e4580000,0x00000007e4580000,0x0000000800000000)
  to   space 453120K, 0% used [0x00000007c8b00000,0x00000007c8b00000,0x00000007e4580000)
 ParOldGen       total 2718208K, used 2718009K [0x0000000707200000, 0x00000007ad080000, 0x00000007ad080000)
  object space 2718208K, 99% used [0x0000000707200000,0x00000007ad04e5e8,0x00000007ad080000)
 PSPermGen       total 21504K, used 19037K [0x00000006fcc00000, 0x00000006fe100000, 0x0000000707200000)
  object space 21504K, 88% used [0x00000006fcc00000,0x00000006fde97538,0x00000006fe100000)
}
Event: 154467,274 GC heap before
{Heap before GC invocations=660 (full 630):
 PSYoungGen      total 906240K, used 453120K [0x00000007ad080000, 0x0000000800000000, 0x0000000800000000)
  eden space 453120K, 100% used [0x00000007ad080000,0x00000007c8b00000,0x00000007c8b00000)
  from space 453120K, 0% used [0x00000007e4580000,0x00000007e4580000,0x0000000800000000)
  to   space 453120K, 0% used [0x00000007c8b00000,0x00000007c8b00000,0x00000007e4580000)
 ParOldGen       total 2718208K, used 2718011K [0x0000000707200000, 0x00000007ad080000, 0x00000007ad080000)
  object space 2718208K, 99% used [0x0000000707200000,0x00000007ad04ee80,0x00000007ad080000)
 PSPermGen       total 21504K, used 19037K [0x00000006fcc00000, 0x00000006fe100000, 0x0000000707200000)
  object space 21504K, 88% used [0x00000006fcc00000,0x00000006fde97538,0x00000006fe100000)
Event: 154468,863 GC heap after
Heap after GC invocations=660 (full 630):
 PSYoungGen      total 906240K, used 453120K [0x00000007ad080000, 0x0000000800000000, 0x0000000800000000)
  eden space 453120K, 100% used [0x00000007ad080000,0x00000007c8b00000,0x00000007c8b00000)
  from space 453120K, 0% used [0x00000007e4580000,0x00000007e4580000,0x0000000800000000)
  to   space 453120K, 0% used [0x00000007c8b00000,0x00000007c8b00000,0x00000007e4580000)
 ParOldGen       total 2718208K, used 2718010K [0x0000000707200000, 0x00000007ad080000, 0x00000007ad080000)
  object space 2718208K, 99% used [0x0000000707200000,0x00000007ad04e8a0,0x00000007ad080000)
 PSPermGen       total 21504K, used 19037K [0x00000006fcc00000, 0x00000006fe100000, 0x0000000707200000)
  object space 21504K, 88% used [0x00000006fcc00000,0x00000006fde97538,0x00000006fe100000)
}

